Command line:
   main_isim_beh.exe
     -simmode  gui
     -simrunnum  0
     -socket  60331

Fri Apr 11 15:46:33 2014


 Elaboration Time: 0.249602 sec

 Current Memory Usage: 680.796 Meg

 Total Signals          : 7
 Total Nets             : 673
 Total Signal Drivers   : 5
 Total Blocks           : 3
 Total Primitive Blocks : 3
 Total Processes        : 1
 Total Traceable Variables  : 22
 Total Scalar Nets and Variables : 1444
Total Line Count : 48
Total Line Count : 48

 Total Simulation Time: 0.374403 sec

 Current Memory Usage: 680.796 Meg

Fri Apr 11 18:59:33 2014

