ISim log file
Running: C:\Users\User\Documents\Projects\FPGA\decrypt\testbench_isim_beh.exe -intstyle ise -gui -tclbatch isim.cmd -view C:/Users/User/Documents/Projects/FPGA/decrypt/test.wcfg -wdb C:/Users/User/Documents/Projects/FPGA/decrypt/testbench_isim_beh.wdb 
ISim P.20131013 (signature 0x7708f090)
WARNING: A WEBPACK license was found.
WARNING: Please use Xilinx License Configuration Manager to check out a full ISim license.
WARNING: ISim will run in Lite mode. Please refer to the ISim documentation for more information on the differences between the Lite and the Full version.
This is a Lite version of ISim.
Time resolution is 1 ps
# onerror resume
# run 1000 ns
Simulator is doing circuit initialization process.
Finished circuit initialization process.
ERROR: Index 127 out of bound 31 downto 0. 
ERROR: In process wrapper.vhd:56 
 
INFO: Simulator is stopped.
# restart
# run 1.00us
Simulator is doing circuit initialization process.
Finished circuit initialization process.
ERROR: Index 127 out of bound 31 downto 0. 
ERROR: In process wrapper.vhd:56 
 
INFO: Simulator is stopped.
# run 1.00us
INFO: Simulator is stopped.
ISim P.20131013 (signature 0x7708f090)
WARNING: A WEBPACK license was found.
WARNING: Please use Xilinx License Configuration Manager to check out a full ISim license.
WARNING: ISim will run in Lite mode. Please refer to the ISim documentation for more information on the differences between the Lite and the Full version.
This is a Lite version of ISim.
# run 1000 ns
Simulator is doing circuit initialization process.
Finished circuit initialization process.
ERROR: In process wrapper.vhd:56 
 Target Size 32 and source size 37 for array dimension 0 does not match. 

INFO: Simulator is stopped.
ISim P.20131013 (signature 0x7708f090)
WARNING: A WEBPACK license was found.
WARNING: Please use Xilinx License Configuration Manager to check out a full ISim license.
WARNING: ISim will run in Lite mode. Please refer to the ISim documentation for more information on the differences between the Lite and the Full version.
This is a Lite version of ISim.
# run 1000 ns
Simulator is doing circuit initialization process.
Finished circuit initialization process.
ISim P.20131013 (signature 0x7708f090)
WARNING: A WEBPACK license was found.
WARNING: Please use Xilinx License Configuration Manager to check out a full ISim license.
WARNING: ISim will run in Lite mode. Please refer to the ISim documentation for more information on the differences between the Lite and the Full version.
This is a Lite version of ISim.
# run 1000 ns
Simulator is doing circuit initialization process.
Finished circuit initialization process.
ERROR: In process wrapper.vhd:56 
 Target Size 32 and source size 33 for array dimension 0 does not match. 

INFO: Simulator is stopped.
ISim P.20131013 (signature 0x7708f090)
WARNING: A WEBPACK license was found.
WARNING: Please use Xilinx License Configuration Manager to check out a full ISim license.
WARNING: ISim will run in Lite mode. Please refer to the ISim documentation for more information on the differences between the Lite and the Full version.
This is a Lite version of ISim.
# run 1000 ns
Simulator is doing circuit initialization process.
Finished circuit initialization process.
